mode: set
zentora-service/internal/service/discovery/service.go:43.134,48.20 2 1
zentora-service/internal/service/discovery/service.go:48.20,50.3 1 1
zentora-service/internal/service/discovery/service.go:51.2,51.12 1 1
zentora-service/internal/service/discovery/service.go:54.130,55.39 1 1
zentora-service/internal/service/discovery/service.go:55.39,57.3 1 1
zentora-service/internal/service/discovery/service.go:59.2,59.50 1 1
zentora-service/internal/service/discovery/service.go:59.50,60.81 1 1
zentora-service/internal/service/discovery/service.go:60.81,62.4 1 1
zentora-service/internal/service/discovery/service.go:65.2,65.49 1 1
zentora-service/internal/service/discovery/service.go:65.49,67.3 1 1
zentora-service/internal/service/discovery/service.go:69.2,70.16 2 1
zentora-service/internal/service/discovery/service.go:70.16,72.3 1 0
zentora-service/internal/service/discovery/service.go:73.2,74.39 2 1
zentora-service/internal/service/discovery/service.go:74.39,76.3 1 1
zentora-service/internal/service/discovery/service.go:78.2,79.16 2 1
zentora-service/internal/service/discovery/service.go:79.16,81.3 1 0
zentora-service/internal/service/discovery/service.go:82.2,83.19 2 1
zentora-service/internal/service/discovery/service.go:86.150,88.16 2 1
zentora-service/internal/service/discovery/service.go:88.16,90.3 1 0
zentora-service/internal/service/discovery/service.go:92.2,93.65 2 1
zentora-service/internal/service/discovery/service.go:93.65,95.3 1 1
zentora-service/internal/service/discovery/service.go:97.2,99.35 3 1
zentora-service/internal/service/discovery/service.go:99.35,101.3 1 1
zentora-service/internal/service/discovery/service.go:103.2,103.53 1 1
zentora-service/internal/service/discovery/service.go:103.53,104.31 1 1
zentora-service/internal/service/discovery/service.go:104.31,105.9 1 1
zentora-service/internal/service/discovery/service.go:108.3,113.17 5 1
zentora-service/internal/service/discovery/service.go:113.17,115.4 1 0
zentora-service/internal/service/discovery/service.go:117.3,117.48 1 1
zentora-service/internal/service/discovery/service.go:117.48,118.46 1 1
zentora-service/internal/service/discovery/service.go:118.46,119.13 1 1
zentora-service/internal/service/discovery/service.go:121.4,123.32 3 1
zentora-service/internal/service/discovery/service.go:123.32,124.10 1 1
zentora-service/internal/service/discovery/service.go:129.2,129.20 1 1
zentora-service/internal/service/discovery/service.go:132.132,133.39 1 1
zentora-service/internal/service/discovery/service.go:133.39,135.3 1 1
zentora-service/internal/service/discovery/service.go:137.2,138.16 2 1
zentora-service/internal/service/discovery/service.go:138.16,140.3 1 0
zentora-service/internal/service/discovery/service.go:141.2,141.25 1 1
zentora-service/internal/service/discovery/service.go:144.112,145.41 1 1
zentora-service/internal/service/discovery/service.go:145.41,147.3 1 1
zentora-service/internal/service/discovery/service.go:149.2,150.16 2 1
zentora-service/internal/service/discovery/service.go:150.16,152.3 1 0
zentora-service/internal/service/discovery/service.go:153.2,153.21 1 1
zentora-service/internal/service/discovery/service.go:156.113,157.41 1 1
zentora-service/internal/service/discovery/service.go:157.41,159.3 1 1
zentora-service/internal/service/discovery/service.go:161.2,161.69 1 1
zentora-service/internal/service/discovery/service.go:161.69,163.3 1 0
zentora-service/internal/service/discovery/service.go:164.2,164.12 1 1
zentora-service/internal/service/discovery/service.go:167.135,168.45 1 1
zentora-service/internal/service/discovery/service.go:168.45,170.3 1 1
zentora-service/internal/service/discovery/service.go:172.2,174.16 3 1
zentora-service/internal/service/discovery/service.go:174.16,176.3 1 1
zentora-service/internal/service/discovery/service.go:178.2,179.56 2 1
zentora-service/internal/service/discovery/service.go:179.56,181.3 1 0
zentora-service/internal/service/discovery/service.go:182.2,182.20 1 1
zentora-service/internal/service/discovery/service.go:185.136,186.64 1 1
zentora-service/internal/service/discovery/service.go:186.64,188.3 1 1
zentora-service/internal/service/discovery/service.go:190.2,191.16 2 1
zentora-service/internal/service/discovery/service.go:191.16,193.3 1 0
zentora-service/internal/service/discovery/service.go:194.2,194.75 1 1
zentora-service/internal/service/discovery/service.go:197.61,198.22 1 1
zentora-service/internal/service/discovery/service.go:206.33,207.14 1 1
zentora-service/internal/service/discovery/service.go:208.39,209.27 1 0
zentora-service/internal/service/discovery/service.go:210.10,211.15 1 0
zentora-service/internal/service/discovery/service.go:215.65,221.23 2 1
zentora-service/internal/service/discovery/service.go:221.23,223.3 1 0
zentora-service/internal/service/discovery/service.go:224.2,224.26 1 1
zentora-service/internal/service/discovery/service.go:224.26,226.3 1 0
zentora-service/internal/service/discovery/service.go:227.2,227.27 1 1
zentora-service/internal/service/discovery/service.go:227.27,229.3 1 0
zentora-service/internal/service/discovery/service.go:230.2,230.22 1 1
zentora-service/internal/service/discovery/service.go:230.22,232.3 1 0
zentora-service/internal/service/discovery/service.go:234.2,234.50 1 1
zentora-service/internal/service/discovery/service.go:234.50,235.23 1 1
zentora-service/internal/service/discovery/service.go:235.23,237.4 1 1
zentora-service/internal/service/discovery/service.go:238.3,239.42 2 0
zentora-service/internal/service/discovery/service.go:239.42,239.74 1 0
zentora-service/internal/service/discovery/service.go:240.3,241.32 2 0
zentora-service/internal/service/discovery/service.go:241.32,243.4 1 0
zentora-service/internal/service/discovery/service.go:244.3,244.62 1 0
zentora-service/internal/service/discovery/service.go:247.2,250.33 4 1
zentora-service/internal/service/discovery/service.go:250.33,252.3 1 0
zentora-service/internal/service/discovery/service.go:253.2,253.33 1 1
zentora-service/internal/service/discovery/service.go:253.33,255.3 1 0
zentora-service/internal/service/discovery/service.go:256.2,256.34 1 1
zentora-service/internal/service/discovery/service.go:256.34,258.3 1 0
zentora-service/internal/service/discovery/service.go:259.2,259.30 1 1
zentora-service/internal/service/discovery/service.go:259.30,261.3 1 0
zentora-service/internal/service/discovery/service.go:262.2,262.29 1 1
zentora-service/internal/service/discovery/service.go:262.29,264.3 1 0
zentora-service/internal/service/discovery/service.go:265.2,265.33 1 1
zentora-service/internal/service/discovery/service.go:268.45,270.2 1 0
zentora-service/internal/service/discovery/service.go:272.86,273.18 1 1
zentora-service/internal/service/discovery/service.go:274.71,278.4 1 1
zentora-service/internal/service/discovery/service.go:279.10,280.13 1 1
zentora-service/internal/service/discovery/service.go:284.86,285.16 1 1
zentora-service/internal/service/discovery/service.go:285.16,287.3 1 0
zentora-service/internal/service/discovery/service.go:289.2,293.16 5 1
